<?xml version="1.0" encoding="UTF-8"?>
<testsuite xmlns:xsi="http://www.w3.org/2001/XMLSchema-instance" xsi:noNamespaceSchemaLocation="https://maven.apache.org/surefire/maven-surefire-plugin/xsd/surefire-test-report-3.0.xsd" version="3.0" name="com.web_port.WebPortApplicationTests" time="6.069" tests="1" errors="0" skipped="0" failures="0">
  <properties>
[...]
</properties>
  <testcase name="contextLoads" classname="com.web_port.WebPortApplicationTests" time="0.827">
    <system-out><![CDATA[20:14:44.464 [main] INFO org.springframework.test.context.support.AnnotationConfigContextLoaderUtils -- Could not detect default configuration classes for test class [com.web_port.WebPortApplicationTests]: WebPortApplicationTests does not declare any static, non-private, non-final, nested classes annotated with @Configuration.
20:14:44.612 [main] INFO org.springframework.boot.test.context.SpringBootTestContextBootstrapper -- Found @SpringBootConfiguration com.web_port.WebPortApplication for test class com.web_port.WebPortApplicationTests

  .   ____          _            __ _ _
 /\\ / ___'_ __ _ _(_)_ __  __ _ \ \ \ \
( ( )\___ | '_ | '_| | '_ \/ _` | \ \ \ \
 \\/  ___)| |_)| | | | | || (_| |  ) ) ) )
  '  |____| .__|_| |_|_| |_\__, | / / / /
 =========|_|==============|___/=/_/_/_/

 :: Spring Boot ::                (v3.3.4)

2024-12-24T20:14:45.148Z  INFO 70210 --- [web-port] [           main] com.web_port.WebPortApplicationTests     : Starting WebPortApplicationTests using Java 21.0.4 with PID 70210 (started by zaine in /home/zaine/Documents/projects/web-port)
2024-12-24T20:14:45.151Z  INFO 70210 --- [web-port] [           main] com.web_port.WebPortApplicationTests     : No active profile set, falling back to 1 default profile: "default"
2024-12-24T20:14:46.328Z  INFO 70210 --- [web-port] [           main] .s.d.r.c.RepositoryConfigurationDelegate : Bootstrapping Spring Data JPA repositories in DEFAULT mode.
2024-12-24T20:14:46.353Z  INFO 70210 --- [web-port] [           main] .s.d.r.c.RepositoryConfigurationDelegate : Finished Spring Data repository scanning in 17 ms. Found 0 JPA repository interfaces.
2024-12-24T20:14:47.115Z  INFO 70210 --- [web-port] [           main] com.zaxxer.hikari.HikariDataSource       : HikariPool-1 - Starting...
2024-12-24T20:14:47.357Z  INFO 70210 --- [web-port] [           main] com.zaxxer.hikari.pool.HikariPool        : HikariPool-1 - Added connection conn0: url=jdbc:h2:mem:04598498-9621-49d7-af59-aafeaed9324e user=SA
2024-12-24T20:14:47.359Z  INFO 70210 --- [web-port] [           main] com.zaxxer.hikari.HikariDataSource       : HikariPool-1 - Start completed.
2024-12-24T20:14:47.410Z  INFO 70210 --- [web-port] [           main] o.hibernate.jpa.internal.util.LogHelper  : HHH000204: Processing PersistenceUnitInfo [name: default]
2024-12-24T20:14:47.475Z  INFO 70210 --- [web-port] [           main] org.hibernate.Version                    : HHH000412: Hibernate ORM core version 6.6.2.Final
2024-12-24T20:14:47.515Z  INFO 70210 --- [web-port] [           main] o.h.c.internal.RegionFactoryInitiator    : HHH000026: Second-level cache disabled
2024-12-24T20:14:47.849Z  INFO 70210 --- [web-port] [           main] o.s.o.j.p.SpringPersistenceUnitInfo      : No LoadTimeWeaver setup: ignoring JPA class transformer
2024-12-24T20:14:47.941Z  INFO 70210 --- [web-port] [           main] org.hibernate.orm.connections.pooling    : HHH10001005: Database info:
	Database JDBC URL [Connecting through datasource 'HikariDataSource (HikariPool-1)']
	Database driver: undefined/unknown
	Database version: 2.2.224
	Autocommit mode: undefined/unknown
	Isolation level: undefined/unknown
	Minimum pool size: undefined/unknown
	Maximum pool size: undefined/unknown
2024-12-24T20:14:48.369Z  INFO 70210 --- [web-port] [           main] o.h.e.t.j.p.i.JtaPlatformInitiator       : HHH000489: No JTA platform available (set 'hibernate.transaction.jta.platform' to enable JTA platform integration)
2024-12-24T20:14:48.375Z  INFO 70210 --- [web-port] [           main] j.LocalContainerEntityManagerFactoryBean : Initialized JPA EntityManagerFactory for persistence unit 'default'
2024-12-24T20:14:48.502Z  WARN 70210 --- [web-port] [           main] JpaBaseConfiguration$JpaWebConfiguration : spring.jpa.open-in-view is enabled by default. Therefore, database queries may be performed during view rendering. Explicitly configure spring.jpa.open-in-view to disable this warning
allowedOrigins: [http://localhost:4200, http://localhost:9000]
2024-12-24T20:14:49.423Z  INFO 70210 --- [web-port] [           main] com.web_port.WebPortApplicationTests     : Started WebPortApplicationTests in 4.632 seconds (process running for 5.91)
]]></system-out>
    <system-err><![CDATA[WARNING: A Java agent has been loaded dynamically (/home/zaine/.m2/repository/net/bytebuddy/byte-buddy-agent/1.14.19/byte-buddy-agent-1.14.19.jar)
WARNING: If a serviceability tool is in use, please run with -XX:+EnableDynamicAgentLoading to hide this warning
WARNING: If a serviceability tool is not in use, please run with -Djdk.instrument.traceUsage for more information
WARNING: Dynamic loading of agents will be disallowed by default in a future release
]]></system-err>
  </testcase>
</testsuite>