<?xml version="1.0" encoding="UTF-8"?>
<testsuite xmlns:xsi="http://www.w3.org/2001/XMLSchema-instance" xsi:noNamespaceSchemaLocation="https://maven.apache.org/surefire/maven-surefire-plugin/xsd/surefire-test-report-3.0.xsd" version="3.0" name="com.sharp_study.sharp_study.SharpStudyApplicationTests" time="4.141" tests="1" errors="0" skipped="0" failures="0">
  <properties>
[...]
</properties>
  <testcase name="contextLoads" classname="com.sharp_study.sharp_study.SharpStudyApplicationTests" time="0.444">
    <system-out><![CDATA[17:58:23.022 [main] INFO org.springframework.test.context.support.AnnotationConfigContextLoaderUtils -- Could not detect default configuration classes for test class [com.sharp_study.sharp_study.SharpStudyApplicationTests]: SharpStudyApplicationTests does not declare any static, non-private, non-final, nested classes annotated with @Configuration.
17:58:23.096 [main] INFO org.springframework.boot.test.context.SpringBootTestContextBootstrapper -- Found @SpringBootConfiguration com.sharp_study.sharp_study.SharpStudyApplication for test class com.sharp_study.sharp_study.SharpStudyApplicationTests

  .   ____          _            __ _ _
 /\\ / ___'_ __ _ _(_)_ __  __ _ \ \ \ \
( ( )\___ | '_ | '_| | '_ \/ _` | \ \ \ \
 \\/  ___)| |_)| | | | | || (_| |  ) ) ) )
  '  |____| .__|_| |_|_| |_\__, | / / / /
 =========|_|==============|___/=/_/_/_/

 :: Spring Boot ::                (v3.3.4)

2024-10-23T17:58:23.360+01:00  INFO 498682 --- [sharp-study] [           main] c.s.s.SharpStudyApplicationTests         : Starting SharpStudyApplicationTests using Java 21.0.4 with PID 498682 (started by zaine in /home/zaine/Documents/sharp-study)
2024-10-23T17:58:23.361+01:00  INFO 498682 --- [sharp-study] [           main] c.s.s.SharpStudyApplicationTests         : No active profile set, falling back to 1 default profile: "default"
2024-10-23T17:58:23.860+01:00  INFO 498682 --- [sharp-study] [           main] .s.d.r.c.RepositoryConfigurationDelegate : Multiple Spring Data modules found, entering strict repository configuration mode
2024-10-23T17:58:23.861+01:00  INFO 498682 --- [sharp-study] [           main] .s.d.r.c.RepositoryConfigurationDelegate : Bootstrapping Spring Data JDBC repositories in DEFAULT mode.
2024-10-23T17:58:23.873+01:00  INFO 498682 --- [sharp-study] [           main] .s.d.r.c.RepositoryConfigurationDelegate : Finished Spring Data repository scanning in 9 ms. Found 0 JDBC repository interfaces.
2024-10-23T17:58:23.882+01:00  INFO 498682 --- [sharp-study] [           main] .s.d.r.c.RepositoryConfigurationDelegate : Multiple Spring Data modules found, entering strict repository configuration mode
2024-10-23T17:58:23.883+01:00  INFO 498682 --- [sharp-study] [           main] .s.d.r.c.RepositoryConfigurationDelegate : Bootstrapping Spring Data JPA repositories in DEFAULT mode.
2024-10-23T17:58:23.887+01:00  INFO 498682 --- [sharp-study] [           main] .s.d.r.c.RepositoryConfigurationDelegate : Finished Spring Data repository scanning in 1 ms. Found 0 JPA repository interfaces.
2024-10-23T17:58:24.253+01:00  INFO 498682 --- [sharp-study] [           main] com.zaxxer.hikari.HikariDataSource       : HikariPool-1 - Starting...
2024-10-23T17:58:24.574+01:00  INFO 498682 --- [sharp-study] [           main] com.zaxxer.hikari.pool.HikariPool        : HikariPool-1 - Added connection org.postgresql.jdbc.PgConnection@62b6c045
2024-10-23T17:58:24.575+01:00  INFO 498682 --- [sharp-study] [           main] com.zaxxer.hikari.HikariDataSource       : HikariPool-1 - Start completed.
2024-10-23T17:58:24.650+01:00  INFO 498682 --- [sharp-study] [           main] o.hibernate.jpa.internal.util.LogHelper  : HHH000204: Processing PersistenceUnitInfo [name: default]
2024-10-23T17:58:24.690+01:00  INFO 498682 --- [sharp-study] [           main] org.hibernate.Version                    : HHH000412: Hibernate ORM core version 6.5.3.Final
2024-10-23T17:58:24.717+01:00  INFO 498682 --- [sharp-study] [           main] o.h.c.internal.RegionFactoryInitiator    : HHH000026: Second-level cache disabled
2024-10-23T17:58:24.944+01:00  INFO 498682 --- [sharp-study] [           main] o.s.o.j.p.SpringPersistenceUnitInfo      : No LoadTimeWeaver setup: ignoring JPA class transformer
2024-10-23T17:58:25.638+01:00  INFO 498682 --- [sharp-study] [           main] o.h.e.t.j.p.i.JtaPlatformInitiator       : HHH000489: No JTA platform available (set 'hibernate.transaction.jta.platform' to enable JTA platform integration)
Hibernate: create table user_roles (user_id bigint not null, roles varchar(255))
Hibernate: alter table if exists users alter column id set data type bigint
Hibernate: alter table if exists users alter column phone_number set data type varchar(255)
Hibernate: alter table if exists user_roles add constraint FKhfh9dx7w3ubf1co1vdev94g3f foreign key (user_id) references users
2024-10-23T17:58:25.706+01:00  INFO 498682 --- [sharp-study] [           main] j.LocalContainerEntityManagerFactoryBean : Initialized JPA EntityManagerFactory for persistence unit 'default'
2024-10-23T17:58:26.097+01:00  WARN 498682 --- [sharp-study] [           main] JpaBaseConfiguration$JpaWebConfiguration : spring.jpa.open-in-view is enabled by default. Therefore, database queries may be performed during view rendering. Explicitly configure spring.jpa.open-in-view to disable this warning
2024-10-23T17:58:26.410+01:00  WARN 498682 --- [sharp-study] [           main] .s.s.UserDetailsServiceAutoConfiguration : 

Using generated security password: 9d224102-d3df-4286-a0fa-6a88b1c5a083

This generated password is for development use only. Your security configuration must be updated before running your application in production.

2024-10-23T17:58:26.420+01:00  INFO 498682 --- [sharp-study] [           main] r$InitializeUserDetailsManagerConfigurer : Global AuthenticationManager configured with UserDetailsService bean with name inMemoryUserDetailsManager
2024-10-23T17:58:26.582+01:00  INFO 498682 --- [sharp-study] [           main] c.s.s.SharpStudyApplicationTests         : Started SharpStudyApplicationTests in 3.389 seconds (process running for 4.076)
]]></system-out>
    <system-err><![CDATA[WARNING: A Java agent has been loaded dynamically (/home/zaine/.m2/repository/net/bytebuddy/byte-buddy-agent/1.14.19/byte-buddy-agent-1.14.19.jar)
WARNING: If a serviceability tool is in use, please run with -XX:+EnableDynamicAgentLoading to hide this warning
WARNING: If a serviceability tool is not in use, please run with -Djdk.instrument.traceUsage for more information
WARNING: Dynamic loading of agents will be disallowed by default in a future release
]]></system-err>
  </testcase>
</testsuite>